Debug info:  WinGUISafeEventReceiver::DecodeEvent no connector found for ID = 0x1C
Debug info:  WinGUISafeEventReceiver::DecodeEvent no connector found for ID = 0x1C
Debug info:  WinGUISafeEventReceiver::DecodeEvent no connector found for ID = 0x1C
Debug info:  WinGUISafeEventReceiver::DecodeEvent no connector found for ID = 0x1C
Debug info:  WinGUISafeEventReceiver::DecodeEvent no connector found for ID = 0x1C
Debug info:  WinGUISafeEventReceiver::DecodeEvent no connector found for ID = 0x1C
Debug info:  WinGUISafeEventReceiver::DecodeEvent no connector found for ID = 0x1C
Debug info:  WinGUISafeEventReceiver::DecodeEvent no connector found for ID = 0x1C
Debug info:  WinGUISafeEventReceiver::DecodeEvent no connector found for ID = 0x1C
Debug info:  WinGUISafeEventReceiver::DecodeEvent no connector found for ID = 0x1C
Debug info:  WinGUISafeEventReceiver::DecodeEvent no connector found for ID = 0x1C
Debug info:  WinGUISafeEventReceiver::DecodeEvent no connector found for ID = 0x1C
Debug info:  WinGUISafeEventReceiver::DecodeEvent no connector found for ID = 0x1C
Debug info:  WinGUISafeEventReceiver::DecodeEvent no connector found for ID = 0x1C
Debug info:  WinGUISafeEventReceiver::DecodeEvent no connector found for ID = 0x1C
Debug info:  WinGUISafeEventReceiver::DecodeEvent no connector found for ID = 0x1C
Debug info:  WinGUISafeEventReceiver::DecodeEvent no connector found for ID = 0x1C
Debug info:  WinGUISafeEventReceiver::DecodeEvent no connector found for ID = 0x1C
Debug info:  WinGUISafeEventReceiver::DecodeEvent no connector found for ID = 0x1C
Debug info:  WinGUISafeEventReceiver::Destroying
Debug info:  WinGUISafeEventReceiver::DecodeEvent no connector found for ID = 0x90
Debug info:  WinGUISafeEventReceiver::DecodeEvent no connector found for ID = 0x2
Debug info:  WinGUISafeEventReceiver::DecodeEvent no connector found for ID = 0x82
Debug info:  WebUploader destroyed
Debug info:  TemplatesManager destroyed
Debug info:  TemplatesList destroyed
Debug info:  Template: Destroyed
Debug info:  Template: Destroyed
Debug info:  Template: Destroyed
Debug info:  Template: Destroyed
Debug info:  Template: Destroyed
Debug info:  Template: Destroyed
Debug info:  Template: Destroyed
Debug info:  Template: Destroyed
Debug info:  Template: Destroyed
Debug info:  Template: Destroyed
Debug info:  Template: Destroyed
Debug info:  Template: Destroyed
Debug info:  Template: Destroyed
Debug info:  Template: Destroyed
Debug info:  Template: Destroyed
Debug info:  Template: Destroyed
Debug info:  Template: Destroyed
Debug info:  Template: Destroyed
Debug info:  Template: Destroyed
Debug info:  Template: Destroyed
Debug info:  Template: Destroyed
Debug info:  Template: Destroyed
Debug info:  Template: Destroyed
Debug info:  Template: Destroyed
Debug info:  Template: Destroyed
Debug info:  Template: Destroyed
Debug info:  Template: Destroyed
Debug info:  Template: Destroyed
Debug info:  Template: Destroyed
Debug info:  WebTemplatesList destroyed
Debug info:  TemplatesList destroyed
Debug info:  WebPhotoManager::UsingWinGUISafeEventSender ISafeEventSender released
Debug info:  WebPhotoManager destroyed
Debug info:  WebAlbumsManager destroyed
Debug info:  WebPhotoManagerOptions destroyed
Debug info:  WorkerThread: terminate flag set, thread resumed to exit
Debug info:  COL:: WorkerThread destroyed, address = 0x532DEF8
Debug info:  ThreadPool destroyed, address = 0x51C56C0
